<?xml version="1.0" encoding="UTF-8"?>
<testng-results ignored="0" total="2" passed="2" failed="0" skipped="0">
  <reporter-output>
  </reporter-output>
  <suite started-at="2022-11-30T15:21:28 IST" name="Suite" finished-at="2022-11-30T15:22:40 IST" duration-ms="71662">
    <groups>
      <group name="cucumber">
        <method signature="AbstractTestNGCucumberTests.runScenario(io.cucumber.testng.PickleWrapper,io.cucumber.testng.FeatureWrapper)[pri:0, instance:TestRunner.DemoTestRunner@3c9c0d96]" name="runScenario" class="io.cucumber.testng.AbstractTestNGCucumberTests"/>
        <method signature="AbstractTestNGCucumberTests.runScenario(io.cucumber.testng.PickleWrapper,io.cucumber.testng.FeatureWrapper)[pri:0, instance:TestRunner.LoginTestRunner@5e4bd84a]" name="runScenario" class="io.cucumber.testng.AbstractTestNGCucumberTests"/>
      </group> <!-- cucumber -->
    </groups>
    <test started-at="2022-11-30T15:21:28 IST" name="Test" finished-at="2022-11-30T15:22:40 IST" duration-ms="71662">
      <class name="TestRunner.LoginTestRunner">
        <test-method is-config="true" signature="setUpClass()[pri:0, instance:TestRunner.LoginTestRunner@5e4bd84a]" started-at="2022-11-30T15:21:56 IST" name="setUpClass" finished-at="2022-11-30T15:21:56 IST" duration-ms="27" status="PASS">
          <reporter-output>
          </reporter-output>
        </test-method> <!-- setUpClass -->
        <test-method signature="runScenario(io.cucumber.testng.PickleWrapper,io.cucumber.testng.FeatureWrapper)[pri:0, instance:TestRunner.LoginTestRunner@5e4bd84a]" started-at="2022-11-30T15:21:56 IST" name="runScenario" description="Runs Cucumber Scenarios" data-provider="scenarios" finished-at="2022-11-30T15:22:39 IST" duration-ms="43453" status="PASS">
          <params>
            <param index="0">
              <value>
                <![CDATA["Check login functionality of OrangeHRM"]]>
              </value>
            </param>
            <param index="1">
              <value>
                <![CDATA["Optional[OrangeHRM Login]"]]>
              </value>
            </param>
          </params>
          <reporter-output>
          </reporter-output>
        </test-method> <!-- runScenario -->
        <test-method is-config="true" signature="tearDownClass()[pri:0, instance:TestRunner.LoginTestRunner@5e4bd84a]" started-at="2022-11-30T15:22:39 IST" name="tearDownClass" finished-at="2022-11-30T15:22:40 IST" duration-ms="175" status="PASS">
          <reporter-output>
          </reporter-output>
        </test-method> <!-- tearDownClass -->
      </class> <!-- TestRunner.LoginTestRunner -->
      <class name="TestRunner.DemoTestRunner">
        <test-method is-config="true" signature="setUpClass()[pri:0, instance:TestRunner.DemoTestRunner@3c9c0d96]" started-at="2022-11-30T15:21:28 IST" name="setUpClass" finished-at="2022-11-30T15:21:28 IST" duration-ms="35" status="PASS">
          <reporter-output>
          </reporter-output>
        </test-method> <!-- setUpClass -->
        <test-method signature="runScenario(io.cucumber.testng.PickleWrapper,io.cucumber.testng.FeatureWrapper)[pri:0, instance:TestRunner.DemoTestRunner@3c9c0d96]" started-at="2022-11-30T15:21:28 IST" name="runScenario" description="Runs Cucumber Scenarios" data-provider="scenarios" finished-at="2022-11-30T15:21:56 IST" duration-ms="27567" status="PASS">
          <params>
            <param index="0">
              <value>
                <![CDATA["Logo presence in OrangeHRM home page"]]>
              </value>
            </param>
            <param index="1">
              <value>
                <![CDATA["Optional[OrangeHRM Login]"]]>
              </value>
            </param>
          </params>
          <reporter-output>
          </reporter-output>
        </test-method> <!-- runScenario -->
        <test-method is-config="true" signature="tearDownClass()[pri:0, instance:TestRunner.DemoTestRunner@3c9c0d96]" started-at="2022-11-30T15:21:56 IST" name="tearDownClass" finished-at="2022-11-30T15:21:56 IST" duration-ms="236" status="PASS">
          <reporter-output>
          </reporter-output>
        </test-method> <!-- tearDownClass -->
      </class> <!-- TestRunner.DemoTestRunner -->
    </test> <!-- Test -->
  </suite> <!-- Suite -->
</testng-results>
